     1                                  bits 32 ;asamblare si compilare pentru arhitectura de 32 biti
     2                                  
     3                                  global  start 
     4                                  
     5                                  ; declararea functiilor externe folosite de program
     6                                  extern exit,scanf,printf     
     7                                  import exit msvcrt.dll 
     8                                  import scanf msvcrt.dll   
     9                                  import printf msvcrt.dll   
    10                                  
    11                                  segment  data use32 class=data
    12                                  
    13                                  segment  code use32 class=code
    14                                  start:
    15 00000000 B802000000                  mov eax,2
    16 00000005 BB03000000                  mov ebx,3
    17 0000000A 01D8                        add eax,ebx
    18 0000000C FF15[00000000]              call [exit]
    19                                      
    20                                      
    21                                   
