     1                                  bits 32 ; assembling for 32-bit architecture
     2                                  global start
     3                                  
     4                                  extern exit ; declare external exit function (from msvcrt.dll)
     5                                  import exit msvcrt.dll
     6                                  segment data use32 class=data ; data segment for variables
     7 00000000 0901AB233412            a dw 0x109,0x23AB,0x1234                     
     8                                  lena equ ($-a)/2
     9 00000006 <res 00000003>          b resb lena
    10 00000009 <res 00000003>          c resb lena
    11                                  segment code use32 class=code ; code segment for code
    12                                  start:
    13 00000000 B903000000                  mov ecx,lena
    14 00000005 FC                          cld
    15 00000006 E30F                        jecxz final
    16 00000008 BE[00000000]                mov esi,a
    17 0000000D BF[06000000]                mov edi,b
    18                                      repeat:
    19 00000012 66AD                            lodsw ;salveaza in ax
    20 00000014 AA                              stosb ;il pune la adresa edi si edi+=2
    21 00000015 E2FB                        loop repeat    
    22                                      
    23                                      final:
    24 00000017 E8(00000000)                call exit
