     1                                  bits 32 ; assembling for 32-bit architecture
     2                                  global  start
     3                                  
     4                                  extern  exit ; declare external exit function (defined in msvcrt.dll)
     5                                  import  exit msvcrt.dll ; import exit from msvcrt.dll
     6                                  
     7                                  segment data use32 class=data ; data segment for variables
     8 00000000 03                           a db 3
     9 00000001 6204                         b dw 1122
    10 00000003 44332211                     c dd 11_22_33_44h
    11 00000007 8877665544332211             d dq 11_22_33_44_55_66_77_88h
    12                                  segment code use32 class=code ; code segment
    13                                  start:
    14 00000000 BC00000000                 mov esp,0
    15 00000005 B800000000                 mov eax,0
    16 0000000A BA00000000                 mov edx,0
    17 0000000F 66A1[01000000]             mov ax,[b]
    18 00000015 98                         cwde
    19 00000016 0305[03000000]             add eax,[c]
    20 0000001C 99                         cdq
    21 0000001D 0305[07000000]             add eax,[d]
    22 00000023 0315[0B000000]             add edx,[d+4]
    23 00000029 8B1D[07000000]             mov ebx,[d]
    24 0000002F 8B0D[0B000000]             mov ecx,[d+4]
    25 00000035 031D[03000000]             add ebx,[c]
    26 0000003B 83D100                     adc ecx,0
    27 0000003E 29D8                       sub eax,ebx
    28 00000040 19CA                       sbb edx,ecx
    29 00000042 E8(00000000)               call exit
    30                                     
    31                                     
    32                                  ;b+c+d+a-(d+c)
    33                                  
    34                                  
