     1                                  bits 32 ; assembling for 32-bit architecture
     2                                  global  start
     3                                  
     4                                  extern  exit ; declare external exit function (defined in msvcrt.dll)
     5                                  import  exit msvcrt.dll ; import exit from msvcrt.dll
     6                                  
     7                                  segment data use32 class=data ; data segment for variables
     8 00000000 04                           a db 4
     9 00000001 4A08                         b dw 2122
    10 00000003 44332211                     c dd 11_22_33_44h
    11 00000007 8877665544332211             d dq 11_22_33_44_55_66_77_88h
    12                                  
    13                                  segment code use32 class=code ; code segment
    14                                  start:
    15 00000000 A1[07000000]                 mov eax,[d]
    16 00000005 8B15[0B000000]               mov edx,[d+4]
    17 0000000B 8B1D[07000000]               mov ebx,[d]
    18 00000011 8B0D[0B000000]               mov ecx,[d+4]
    19 00000017 01D8                         add eax,ebx
    20 00000019 11CA                         adc edx,ecx
    21                                       ;d+d
    22 0000001B BB00000000                   mov ebx,0
    23 00000020 B900000000                   mov ecx,0
    24 00000025 8A1D[00000000]               mov bl,[a]
    25 0000002B 021D[00000000]               add bl,[a]
    26 00000031 29D8                         sub eax,ebx
    27                                  ;(d+d)-(a+a)-(b+b)-(c+c)
