     1                                  bits 32 
     2                                  
     3                                  
     4                                  global start        
     5                                  
     6                                  
     7                                  extern exit, fopen, fclose, fprintf       
     8                                  import exit msvcrt.dll
     9                                  import fopen msvcrt.dll
    10                                  import fclose msvcrt.dll  
    11                                  import fprintf msvcrt.dll
    12                                  
    13                                  segment data use32 class=data
    14 00000000 70726F626C656D3235-         name_file db "problem25.txt", 0
    14 00000009 2E74787400         
    15 0000000E 7700                        mode_acces db "w", 0
    16 00000010 FFFFFFFF                    descriptor_file dd -1
    17 00000014 417220747265627569-         text db "Ar trebui sa existe ciment cu numele Ana"
    17 0000001D 207361206578697374-
    17 00000026 652063696D656E7420-
    17 0000002F 6375206E756D656C65-
    17 00000038 20416E61           
    18                                      len equ $-text
    19 0000003C 00<rept>                    ftext times len db 0
    20                                      
    21                                  
    22                                  segment code use32 class=code
    23                                      start:  
    24 00000000 FC                              cld 
    25 00000001 B928000000                      mov ecx, len
    26 00000006 BB00000000                      mov ebx, 0
    27                                          repeatt:
    28 0000000B AC                                  lodsb; each carachter from text will be stored in Al
    29 0000000C 3C20                                cmp Al, ' '
    30 0000000E 7502                                jne other_than_space
    31 00000010 B053                                    mov Al, 'S'; we change the space into the character S
    32                                              other_than_space:
    33 00000012 8883[3C000000]                      mov [ftext+ebx], Al; here we move the string text in the string ftext with the proper changes
    34 00000018 43                                  inc ebx
    35 00000019 E2F0                            loop repeatt
    36                                          ; here starts the file work
    37 0000001B 68[0E000000]                    push dword mode_acces
    38 00000020 68[00000000]                    push dword name_file
    39 00000025 FF15[00000000]                  call [fopen]
    40 0000002B 83C408                          add esp, 4*2
    41                                          
    42 0000002E A3[10000000]                    mov [descriptor_file], eax
    43 00000033 83F800                          cmp eax, 0
    44 00000036 7423                            je final
    45                                              ;here we write the new text in the file
    46 00000038 68[3C000000]                        push dword ftext
    47 0000003D FF35[10000000]                      push dword [descriptor_file]
    48 00000043 FF15[00000000]                      call [fprintf]
    49 00000049 83C408                              add esp, 4*2
    50                                              
    51                                              ; here we close the file
    52 0000004C FF35[10000000]                      push dword [descriptor_file]
    53 00000052 FF15[00000000]                      call [fclose]
    54 00000058 83C404                              add esp, 4
    55                                              
    56                                          
    57                                          final:
    58                                          ; exit(0)
    59 0000005B 6A00                            push    dword 0      ; push the parameter for exit onto the stack
    60 0000005D FF15[00000000]                  call    [exit]       ; call exit to terminate the program
