     1                                  bits 32 
     2                                  global start
     3                                  extern exit
     4                                  import exit msvcrt.dll
     5                                  
     6                                  segment data use32 class=data
     7 00000000 34127856BC9AF0DE            A dw 0x1234, 0x5678, 0x9ABC, 0xDEF0
     8                                      lenA equ ($ - A) / 2
     9 00000008 00<rept>                    B1 times lenA db 0
    10 0000000C 00<rept>                    B2 times lenA db 0
    11                                  
    12                                  segment code use32 class=code
    13                                  start:
    14 00000000 66BE[0000]                  mov si, A
    15 00000004 B904000000                  mov ecx, lenA
    16 00000009 BF[08000000]                mov edi, B1
    17                                  
    18                                  repeta_superior:
    19 0000000E 66AD                        lodsw
    20 00000010 88E0                        mov al, ah
    21 00000012 AA                          stosb
    22 00000013 E2F9                        loop repeta_superior
    23                                  
    24 00000015 66BE[0000]                  mov si, A
    25 00000019 B904000000                  mov ecx, lenA
    26 0000001E BF[0C000000]                mov edi, B2
    27                                  
    28                                  repeta_inferior:
    29 00000023 66AD                        lodsw
    30 00000025 AA                          stosb
    31 00000026 E2FB                        loop repeta_inferior
    32                                  
    33 00000028 E8(00000000)                call exit
    34                                  ;Se da un sir A de cuvinte. Construiti doua siruri de octeti  
    35                                  ; - B1: contine ca elemente partea superioara a cuvintelor din A
    36                                  ; - B2: contine ca elemente partea inferioara a cuvintelor din A
